<?xml version="1.0" encoding="UTF-8"?>
<!-- Generated by org.testng.reporters.JUnitReportReporter -->
<testsuite name="Test_Cases.check_worksheetdelete" tests="3" time="22.282" ignored="0" failures="0" timestamp="14 Nov 2017 06:16:13 GMT" skipped="0" hostname="net04-PC" errors="0">
  <testcase name="navigate" time="13.176" classname="Test_Cases.check_worksheetdelete"/>
  <testcase name="Login" time="2.315" classname="Test_Cases.check_worksheetdelete"/>
  <testcase name="search_worksheet" time="6.791" classname="Test_Cases.check_worksheetdelete"/>
</testsuite> <!-- Test_Cases.check_worksheetdelete -->
